2019-07-16T13:43:33.4308990Z,Updating submodules.,29d0f166-1b34-4cbb-8e23-1565a1ef1aef,0
2019-07-16T13:43:33.4570801Z,Preparing deployment for commit id '56d93e0c08'.,944b67af-6fb7-4d85-9c4d-255009882cfa,0
2019-07-16T13:43:33.5271655Z,Oryx-Build: Running kudu sync...,4b27ff8c-0978-402a-aaff-d8f7b02c8d18,0
	2019-07-16T13:43:33.5301084Z,Command: kudusync -v 50 -f /tmp/zipdeploy/extracted -t /home/site/wwwroot -n /home/site/deployments/56d93e0c08a64b108d45f489e1d83c36/manifest -p /home/site/deployments/02c3c91e65504deeb29ecb2d20257aee/manifest -i ".git;.hg;.deployment;.deploy.sh",,0
	2019-07-16T13:43:34.0266581Z,Kudu sync from: '/tmp/zipdeploy/extracted' to: '/home/site/wwwroot',,0
	2019-07-16T13:43:34.0597883Z,Copying file: '.azure/config',,0
	2019-07-16T13:43:34.0837465Z,Ignoring: .git,,0
2019-07-16T13:43:34.1244562Z,Running oryx build...,504ced49-6ee9-4877-ade2-7b13821ce8e8,0
	2019-07-16T13:43:34.1268161Z,Command: oryx build /home/site/wwwroot -o /home/site/wwwroot -l python --language-version 3.7 -p virtualenv_name=antenv,,0
	2019-07-16T13:43:34.6406178Z,Build orchestrated by Microsoft Oryx&comma; https://github.com/Microsoft/Oryx,,0
	2019-07-16T13:43:34.6617002Z,You can report issues at https://github.com/Microsoft/Oryx/issues,,0
	2019-07-16T13:43:34.6690516Z,,,0
	2019-07-16T13:43:34.6866908Z,Oryx Version       : 0.2.20190420.8&comma; Commit: 391f7dd882e6fe5bea69edf6ba76d77e3d310e96,,0
	2019-07-16T13:43:34.6953866Z,Build Operation ID : |XMRa5lwJVSQ=.cfd9cdd0_,,0
	2019-07-16T13:43:34.7014520Z,Repository Commit  : 56d93e0c08a64b108d45f489e1d83c36,,0
	2019-07-16T13:43:34.7084984Z,,,0
	2019-07-16T13:43:35.0904993Z,,,0
	2019-07-16T13:43:35.1005218Z,Source directory     : /home/site/wwwroot,,0
	2019-07-16T13:43:35.1174831Z,Destination directory: /home/site/wwwroot,,0
	2019-07-16T13:43:35.1221142Z,,,0
	2019-07-16T13:43:35.1441077Z,Python Version: /opt/python/3.7.2/bin/python3,,0
	2019-07-16T13:43:35.1563090Z,Python Virtual Environment: antenv,,0
	2019-07-16T13:43:35.1746787Z,Creating virtual environment ...,,0
	2019-07-16T13:43:37.0307923Z,Activating virtual environment ...,,0
	2019-07-16T13:43:37.0444031Z,,,0
	2019-07-16T13:43:37.0524209Z,Upgrading pip...,,0
	2019-07-16T13:43:38.8655867Z,Requirement already up-to-date: pip in ./antenv/lib/python3.7/site-packages (19.1.1),,0
	2019-07-16T13:43:39.0732982Z,Done in 2 sec(s).,,0
	2019-07-16T13:43:39.0836726Z,Running pip install...,,0
	2019-07-16T13:43:41.1337209Z,[13:43:41+0000] Requirement already satisfied: click==6.7 in ./antenv/lib/python3.7/site-packages (from -r requirements.txt (line 1)) (6.7),,0
	2019-07-16T13:43:41.1483925Z,[13:43:41+0000] Requirement already satisfied: Flask==1.0.2 in ./antenv/lib/python3.7/site-packages (from -r requirements.txt (line 2)) (1.0.2),,0
	2019-07-16T13:43:41.1996151Z,[13:43:41+0000] Requirement already satisfied: itsdangerous==0.24 in ./antenv/lib/python3.7/site-packages (from -r requirements.txt (line 3)) (0.24),,0
	2019-07-16T13:43:41.8953952Z,[13:43:41+0000] Requirement already satisfied: Jinja2==2.10 in ./antenv/lib/python3.7/site-packages (from -r requirements.txt (line 4)) (2.10),,0
	2019-07-16T13:43:41.9160104Z,[13:43:41+0000] Requirement already satisfied: MarkupSafe==1.0 in ./antenv/lib/python3.7/site-packages (from -r requirements.txt (line 5)) (1.0),,0
	2019-07-16T13:43:41.9260743Z,[13:43:41+0000] Requirement already satisfied: Werkzeug==0.14.1 in ./antenv/lib/python3.7/site-packages (from -r requirements.txt (line 6)) (0.14.1),,0
	2019-07-16T13:43:41.9371066Z,Done running pip install.,,0
	2019-07-16T13:43:41.9474961Z,,,0
	2019-07-16T13:43:41.9575853Z,Removing existing manifest file,,0
	2019-07-16T13:43:41.9669703Z,,,0
	2019-07-16T13:43:41.9807208Z,Done.,,0
2019-07-16T13:43:43.9453086Z,Running post deployment command(s)...,ab51b067-83fe-4cc7-ac52-17a300b5c715,0
2019-07-16T13:43:44.0219743Z,Deployment successful.,30c80fb0-aa7c-494c-a5cf-5931da5950e3,0
2019-07-16T13:43:44.3146727Z,App container will begin restart within 10 seconds.,3eeb962f-7b0e-4400-b30f-ae8f60422453,0
