2019-07-16T13:36:50.4609687Z,Updating submodules.,23800b67-d62d-497c-a845-b2cc524907bd,0
2019-07-16T13:36:50.4848183Z,Preparing deployment for commit id '298ad02cf1'.,d07b84bf-7fd8-4139-8c4e-a4e5ada72e2f,0
2019-07-16T13:36:50.5646216Z,Oryx-Build: Running kudu sync...,c6b10866-37cd-4b36-bbb5-fcfa85ad03ed,0
	2019-07-16T13:36:50.5686310Z,Command: kudusync -v 50 -f /tmp/zipdeploy/extracted -t /home/site/wwwroot -n /home/site/deployments/298ad02cf19c46e68c61b1e42ee3a0d4/manifest -p /home/site/deployments/4da5075df02b484f8742cd3e959febce/manifest -i ".git;.hg;.deployment;.deploy.sh",,0
	2019-07-16T13:36:50.7042282Z,Kudu sync from: '/tmp/zipdeploy/extracted' to: '/home/site/wwwroot',,0
	2019-07-16T13:36:50.7268671Z,Copying file: 'application.py',,0
	2019-07-16T13:36:50.7577326Z,Copying file: '.azure/config',,0
	2019-07-16T13:36:50.7689974Z,Ignoring: .git,,0
2019-07-16T13:36:50.8551153Z,Running oryx build...,0bcfa084-ba25-4181-a264-b28dff8f6c23,0
	2019-07-16T13:36:50.8586172Z,Command: oryx build /home/site/wwwroot -o /home/site/wwwroot -l python --language-version 3.7 -p virtualenv_name=antenv,,0
	2019-07-16T13:36:51.9359780Z,Build orchestrated by Microsoft Oryx&comma; https://github.com/Microsoft/Oryx,,0
	2019-07-16T13:36:51.9689613Z,You can report issues at https://github.com/Microsoft/Oryx/issues,,0
	2019-07-16T13:36:51.9820233Z,,,0
	2019-07-16T13:36:52.0046496Z,Oryx Version       : 0.2.20190420.8&comma; Commit: 391f7dd882e6fe5bea69edf6ba76d77e3d310e96,,0
	2019-07-16T13:36:52.0191812Z,Build Operation ID : |qya3uAnlL20=.296e4379_,,0
	2019-07-16T13:36:52.0376523Z,Repository Commit  : 298ad02cf19c46e68c61b1e42ee3a0d4,,0
	2019-07-16T13:36:52.0484750Z,,,0
	2019-07-16T13:36:52.7063211Z,,,0
	2019-07-16T13:36:52.7146873Z,Source directory     : /home/site/wwwroot,,0
	2019-07-16T13:36:52.7263408Z,Destination directory: /home/site/wwwroot,,0
	2019-07-16T13:36:52.7379498Z,,,0
	2019-07-16T13:36:52.7500454Z,Python Version: /opt/python/3.7.2/bin/python3,,0
	2019-07-16T13:36:52.7599807Z,Python Virtual Environment: antenv,,0
	2019-07-16T13:36:52.7670315Z,Creating virtual environment ...,,0
	2019-07-16T13:36:55.4713125Z,Activating virtual environment ...,,0
	2019-07-16T13:36:55.4838428Z,,,0
	2019-07-16T13:36:55.4906501Z,Upgrading pip...,,0
	2019-07-16T13:36:57.3714744Z,Requirement already up-to-date: pip in ./antenv/lib/python3.7/site-packages (19.1.1),,0
	2019-07-16T13:36:57.6028491Z,Done in 2 sec(s).,,0
	2019-07-16T13:36:57.6184130Z,Running pip install...,,0
	2019-07-16T13:36:59.3237895Z,[13:36:59+0000] Requirement already satisfied: click==6.7 in ./antenv/lib/python3.7/site-packages (from -r requirements.txt (line 1)) (6.7),,0
	2019-07-16T13:36:59.3340893Z,[13:36:59+0000] Requirement already satisfied: Flask==1.0.2 in ./antenv/lib/python3.7/site-packages (from -r requirements.txt (line 2)) (1.0.2),,0
	2019-07-16T13:36:59.3635269Z,[13:36:59+0000] Requirement already satisfied: itsdangerous==0.24 in ./antenv/lib/python3.7/site-packages (from -r requirements.txt (line 3)) (0.24),,0
	2019-07-16T13:36:59.3783327Z,[13:36:59+0000] Requirement already satisfied: Jinja2==2.10 in ./antenv/lib/python3.7/site-packages (from -r requirements.txt (line 4)) (2.10),,0
	2019-07-16T13:36:59.3904352Z,[13:36:59+0000] Requirement already satisfied: MarkupSafe==1.0 in ./antenv/lib/python3.7/site-packages (from -r requirements.txt (line 5)) (1.0),,0
	2019-07-16T13:36:59.4017921Z,[13:36:59+0000] Requirement already satisfied: Werkzeug==0.14.1 in ./antenv/lib/python3.7/site-packages (from -r requirements.txt (line 6)) (0.14.1),,0
	2019-07-16T13:36:59.5734869Z,Done running pip install.,,0
	2019-07-16T13:36:59.5825946Z,,,0
	2019-07-16T13:36:59.5909685Z,Removing existing manifest file,,0
	2019-07-16T13:36:59.5970488Z,,,0
	2019-07-16T13:36:59.6039529Z,Done.,,0
2019-07-16T13:37:01.4379986Z,Running post deployment command(s)...,bf9d06ba-1ce9-4626-ba66-de4bad0aa327,0
2019-07-16T13:37:01.5225289Z,Deployment successful.,30626d02-c134-4dad-bee1-fd1c1aca09ab,0
2019-07-16T13:37:01.6751944Z,App container will begin restart within 10 seconds.,93d4bdff-07ad-48e3-9731-ee582fe46cd2,0
