2019-07-17T08:10:46.6847045Z,Updating submodules.,78ae897d-1e6b-4ed8-a04a-d50e91124561,0
2019-07-17T08:10:46.7091026Z,Preparing deployment for commit id 'b53e291c37'.,18ae92ec-11da-4048-9e5d-7c0012359d90,0
2019-07-17T08:10:46.7849695Z,Oryx-Build: Running kudu sync...,7b8e876f-0eab-4aee-ac0d-1de9f488aba5,0
	2019-07-17T08:10:46.7884304Z,Command: kudusync -v 50 -f /tmp/zipdeploy/extracted -t /home/site/wwwroot -n /home/site/deployments/b53e291c377247489098e41c15cb0c2b/manifest -p /home/site/deployments/77fbcb0704694cadb4871b490d7e1463/manifest -i ".git;.hg;.deployment;.deploy.sh",,0
	2019-07-17T08:10:46.9412415Z,Kudu sync from: '/tmp/zipdeploy/extracted' to: '/home/site/wwwroot',,0
	2019-07-17T08:10:46.9641264Z,Copying file: 'links.json',,0
	2019-07-17T08:10:46.9895047Z,Copying file: 'parse_price.py',,0
	2019-07-17T08:10:46.9988227Z,Copying file: 'pris.json',,0
	2019-07-17T08:10:47.0135355Z,Copying file: '.azure/config',,0
	2019-07-17T08:10:47.0338920Z,Ignoring: .git,,0
2019-07-17T08:10:47.0860325Z,Running oryx build...,ebc4d824-e6e4-4ea6-a8d7-0f94fe32941d,0
	2019-07-17T08:10:47.0885812Z,Command: oryx build /home/site/wwwroot -o /home/site/wwwroot -l python --language-version 3.7 -p virtualenv_name=antenv,,0
	2019-07-17T08:10:47.6140326Z,Build orchestrated by Microsoft Oryx&comma; https://github.com/Microsoft/Oryx,,0
	2019-07-17T08:10:48.2417533Z,You can report issues at https://github.com/Microsoft/Oryx/issues,,0
	2019-07-17T08:10:48.2568112Z,,,0
	2019-07-17T08:10:48.2715847Z,Oryx Version       : 0.2.20190420.8&comma; Commit: 391f7dd882e6fe5bea69edf6ba76d77e3d310e96,,0
	2019-07-17T08:10:48.2857393Z,Build Operation ID : |zdKhu+l7AMA=.3f93a984_,,0
	2019-07-17T08:10:48.3037019Z,Repository Commit  : b53e291c377247489098e41c15cb0c2b,,0
	2019-07-17T08:10:48.3164425Z,,,0
	2019-07-17T08:10:48.3283040Z,,,0
	2019-07-17T08:10:48.3360988Z,Source directory     : /home/site/wwwroot,,0
	2019-07-17T08:10:48.3457027Z,Destination directory: /home/site/wwwroot,,0
	2019-07-17T08:10:48.3525873Z,,,0
	2019-07-17T08:10:48.3617264Z,Python Version: /opt/python/3.7.2/bin/python3,,0
	2019-07-17T08:10:48.3864213Z,Python Virtual Environment: antenv,,0
	2019-07-17T08:10:48.4035116Z,Creating virtual environment ...,,0
	2019-07-17T08:10:50.3328626Z,Activating virtual environment ...,,0
	2019-07-17T08:10:50.3451917Z,,,0
	2019-07-17T08:10:50.3603282Z,Upgrading pip...,,0
	2019-07-17T08:10:52.2394349Z,Requirement already up-to-date: pip in ./antenv/lib/python3.7/site-packages (19.1.1),,0
	2019-07-17T08:10:52.5327471Z,Done in 2 sec(s).,,0
	2019-07-17T08:10:52.5421836Z,Running pip install...,,0
	2019-07-17T08:10:54.3495775Z,[08:10:54+0000] Requirement already satisfied: click==6.7 in ./antenv/lib/python3.7/site-packages (from -r requirements.txt (line 1)) (6.7),,0
	2019-07-17T08:10:54.3648372Z,[08:10:54+0000] Requirement already satisfied: Flask==1.0.2 in ./antenv/lib/python3.7/site-packages (from -r requirements.txt (line 2)) (1.0.2),,0
	2019-07-17T08:10:54.3952634Z,[08:10:54+0000] Requirement already satisfied: itsdangerous==0.24 in ./antenv/lib/python3.7/site-packages (from -r requirements.txt (line 3)) (0.24),,0
	2019-07-17T08:10:54.4152915Z,[08:10:54+0000] Requirement already satisfied: Jinja2==2.10 in ./antenv/lib/python3.7/site-packages (from -r requirements.txt (line 4)) (2.10),,0
	2019-07-17T08:10:54.4313498Z,[08:10:54+0000] Requirement already satisfied: MarkupSafe==1.0 in ./antenv/lib/python3.7/site-packages (from -r requirements.txt (line 5)) (1.0),,0
	2019-07-17T08:10:54.4410398Z,[08:10:54+0000] Requirement already satisfied: Werkzeug==0.14.1 in ./antenv/lib/python3.7/site-packages (from -r requirements.txt (line 6)) (0.14.1),,0
	2019-07-17T08:10:54.4641317Z,[08:10:54+0000] Requirement already satisfied: json2html==1.3.0 in ./antenv/lib/python3.7/site-packages (from -r requirements.txt (line 7)) (1.3.0),,0
	2019-07-17T08:10:54.4812283Z,[08:10:54+0000] Requirement already satisfied: beautifulsoup4==4.7.1 in ./antenv/lib/python3.7/site-packages (from -r requirements.txt (line 8)) (4.7.1),,0
	2019-07-17T08:10:54.5042038Z,[08:10:54+0000] Requirement already satisfied: lxml==4.3.3 in ./antenv/lib/python3.7/site-packages (from -r requirements.txt (line 9)) (4.3.3),,0
	2019-07-17T08:10:54.5301289Z,[08:10:54+0000] Requirement already satisfied: soupsieve>=1.2 in ./antenv/lib/python3.7/site-packages (from beautifulsoup4==4.7.1->-r requirements.txt (line 8)) (1.9.2),,0
	2019-07-17T08:10:54.9774756Z,Done running pip install.,,0
	2019-07-17T08:10:54.9975527Z,,,0
	2019-07-17T08:10:55.0154804Z,Removing existing manifest file,,0
	2019-07-17T08:10:55.0272420Z,,,0
	2019-07-17T08:10:55.0414047Z,Done.,,0
2019-07-17T08:10:56.9746523Z,Running post deployment command(s)...,0d16dc2b-4194-4e55-b015-01b895b77493,0
2019-07-17T08:10:57.0323205Z,Deployment successful.,9757ca18-5b9f-4482-9cb1-c9dfd9e60ce1,0
2019-07-17T08:10:57.3067609Z,App container will begin restart within 10 seconds.,206fbae5-0c21-4944-972a-910d9c980303,0
